{"timestamp":"2025-12-10T20:45:25.489694Z","level":"info","event":"DAG bundles loaded: dags-folder, example_dags","logger":"airflow.dag_processing.bundles.manager.DagBundlesManager","filename":"manager.py","lineno":179}
{"timestamp":"2025-12-10T20:45:25.491135Z","level":"info","event":"Filling up the DagBag from /opt/airflow/dags/etl_toll_data.py","logger":"airflow.models.dagbag.DagBag","filename":"dagbag.py","lineno":593}
{"timestamp":"2025-12-10T20:45:25.522758Z","level":"info","event":"Task instance is in running state","logger":"task.stdout"}
{"timestamp":"2025-12-10T20:45:25.523378Z","level":"info","event":" Previous state of the Task instance: TaskInstanceState.QUEUED","logger":"task.stdout"}
{"timestamp":"2025-12-10T20:45:25.523668Z","level":"info","event":"Current task name:unzip_data","logger":"task.stdout"}
{"timestamp":"2025-12-10T20:45:25.523873Z","level":"info","event":"Dag name:ETL_toll_data","logger":"task.stdout"}
{"timestamp":"2025-12-10T20:45:25.523511Z","level":"info","event":"Tmp dir root location: /tmp","logger":"airflow.task.hooks.airflow.providers.standard.hooks.subprocess.SubprocessHook","filename":"subprocess.py","lineno":78}
{"timestamp":"2025-12-10T20:45:25.524454Z","level":"info","event":"Running command: ['/usr/bin/bash', '-c', 'tar -xzvf C:/Users/poypr/OneDrive/Desktop/Develop/data_engineer_pipeline/dags/dataset/tolldata.tgz -C C:/Users/poypr/OneDrive/Desktop/Develop/data_engineer_pipeline/dags/dataset']","logger":"airflow.task.hooks.airflow.providers.standard.hooks.subprocess.SubprocessHook","filename":"subprocess.py","lineno":80}
{"timestamp":"2025-12-10T20:45:25.525056Z","level":"info","event":"Output:","logger":"airflow.task.hooks.airflow.providers.standard.hooks.subprocess.SubprocessHook","filename":"subprocess.py","lineno":92}
{"timestamp":"2025-12-10T20:45:29.343941Z","level":"info","event":"tar (child): Cannot connect to C: resolve failed","logger":"airflow.task.hooks.airflow.providers.standard.hooks.subprocess.SubprocessHook","filename":"subprocess.py","lineno":99}
{"timestamp":"2025-12-10T20:45:29.344243Z","level":"info","event":"","logger":"airflow.task.hooks.airflow.providers.standard.hooks.subprocess.SubprocessHook","filename":"subprocess.py","lineno":99}
{"timestamp":"2025-12-10T20:45:29.344404Z","level":"info","event":"gzip: stdin: unexpected end of file","logger":"airflow.task.hooks.airflow.providers.standard.hooks.subprocess.SubprocessHook","filename":"subprocess.py","lineno":99}
{"timestamp":"2025-12-10T20:45:29.344521Z","level":"info","event":"tar: Child returned status 128","logger":"airflow.task.hooks.airflow.providers.standard.hooks.subprocess.SubprocessHook","filename":"subprocess.py","lineno":99}
{"timestamp":"2025-12-10T20:45:29.344602Z","level":"info","event":"tar: Error is not recoverable: exiting now","logger":"airflow.task.hooks.airflow.providers.standard.hooks.subprocess.SubprocessHook","filename":"subprocess.py","lineno":99}
{"timestamp":"2025-12-10T20:45:29.344999Z","level":"info","event":"Command exited with return code 2","logger":"airflow.task.hooks.airflow.providers.standard.hooks.subprocess.SubprocessHook","filename":"subprocess.py","lineno":103}
{"timestamp":"2025-12-10T20:45:29.345865Z","level":"error","event":"Task failed with exception","logger":"task","filename":"task_runner.py","lineno":986,"error_detail":[{"exc_type":"AirflowException","exc_value":"Bash command failed. The command returned a non-zero exit code 2.","exc_notes":[],"syntax_error":null,"is_cause":false,"frames":[{"filename":"/home/airflow/.local/lib/python3.12/site-packages/airflow/sdk/execution_time/task_runner.py","lineno":934,"name":"run"},{"filename":"/home/airflow/.local/lib/python3.12/site-packages/airflow/sdk/execution_time/task_runner.py","lineno":1325,"name":"_execute_task"},{"filename":"/home/airflow/.local/lib/python3.12/site-packages/airflow/sdk/bases/operator.py","lineno":417,"name":"wrapper"},{"filename":"/home/airflow/.local/lib/python3.12/site-packages/airflow/providers/standard/operators/bash.py","lineno":224,"name":"execute"}],"is_group":false,"exceptions":[]}]}
{"timestamp":"2025-12-10T20:45:29.364362Z","level":"info","event":"Task instance in failure state","logger":"task.stdout"}
{"timestamp":"2025-12-10T20:45:29.365152Z","level":"info","event":"Task start","logger":"task.stdout"}
{"timestamp":"2025-12-10T20:45:29.365715Z","level":"info","event":"Task:<Task(BashOperator): unzip_data>","logger":"task.stdout"}
{"timestamp":"2025-12-10T20:45:29.366063Z","level":"info","event":"Failure caused by Bash command failed. The command returned a non-zero exit code 2.","logger":"task.stdout"}
