{"timestamp":"2025-12-10T20:50:15.528947Z","level":"info","event":"DAG bundles loaded: dags-folder, example_dags","logger":"airflow.dag_processing.bundles.manager.DagBundlesManager","filename":"manager.py","lineno":179}
{"timestamp":"2025-12-10T20:50:15.530282Z","level":"info","event":"Filling up the DagBag from /opt/airflow/dags/etl_toll_data.py","logger":"airflow.models.dagbag.DagBag","filename":"dagbag.py","lineno":593}
{"timestamp":"2025-12-10T20:50:15.563216Z","level":"info","event":"Task instance is in running state","logger":"task.stdout"}
{"timestamp":"2025-12-10T20:50:15.563877Z","level":"info","event":" Previous state of the Task instance: TaskInstanceState.QUEUED","logger":"task.stdout"}
{"timestamp":"2025-12-10T20:50:15.564224Z","level":"info","event":"Current task name:unzip_data","logger":"task.stdout"}
{"timestamp":"2025-12-10T20:50:15.564542Z","level":"info","event":"Dag name:ETL_toll_data","logger":"task.stdout"}
{"timestamp":"2025-12-10T20:50:15.563931Z","level":"info","event":"Tmp dir root location: /tmp","logger":"airflow.task.hooks.airflow.providers.standard.hooks.subprocess.SubprocessHook","filename":"subprocess.py","lineno":78}
{"timestamp":"2025-12-10T20:50:15.564885Z","level":"info","event":"Running command: ['/usr/bin/bash', '-c', 'tar -xzvf C:/Users/poypr/OneDrive/Desktop/Develop/data_engineer_pipeline/dags/dataset/tolldata.tgz -C C:/Users/poypr/OneDrive/Desktop/Develop/data_engineer_pipeline/dags/dataset']","logger":"airflow.task.hooks.airflow.providers.standard.hooks.subprocess.SubprocessHook","filename":"subprocess.py","lineno":80}
{"timestamp":"2025-12-10T20:50:15.565902Z","level":"info","event":"Output:","logger":"airflow.task.hooks.airflow.providers.standard.hooks.subprocess.SubprocessHook","filename":"subprocess.py","lineno":92}
{"timestamp":"2025-12-10T20:50:19.388912Z","level":"info","event":"tar (child): Cannot connect to C: resolve failed","logger":"airflow.task.hooks.airflow.providers.standard.hooks.subprocess.SubprocessHook","filename":"subprocess.py","lineno":99}
{"timestamp":"2025-12-10T20:50:19.389502Z","level":"info","event":"","logger":"airflow.task.hooks.airflow.providers.standard.hooks.subprocess.SubprocessHook","filename":"subprocess.py","lineno":99}
{"timestamp":"2025-12-10T20:50:19.389586Z","level":"info","event":"gzip: stdin: unexpected end of file","logger":"airflow.task.hooks.airflow.providers.standard.hooks.subprocess.SubprocessHook","filename":"subprocess.py","lineno":99}
{"timestamp":"2025-12-10T20:50:19.389922Z","level":"info","event":"tar: Child returned status 128","logger":"airflow.task.hooks.airflow.providers.standard.hooks.subprocess.SubprocessHook","filename":"subprocess.py","lineno":99}
{"timestamp":"2025-12-10T20:50:19.390002Z","level":"info","event":"tar: Error is not recoverable: exiting now","logger":"airflow.task.hooks.airflow.providers.standard.hooks.subprocess.SubprocessHook","filename":"subprocess.py","lineno":99}
{"timestamp":"2025-12-10T20:50:19.390083Z","level":"info","event":"Command exited with return code 2","logger":"airflow.task.hooks.airflow.providers.standard.hooks.subprocess.SubprocessHook","filename":"subprocess.py","lineno":103}
{"timestamp":"2025-12-10T20:50:19.395804Z","level":"error","event":"Task failed with exception","logger":"task","filename":"task_runner.py","lineno":986,"error_detail":[{"exc_type":"AirflowException","exc_value":"Bash command failed. The command returned a non-zero exit code 2.","exc_notes":[],"syntax_error":null,"is_cause":false,"frames":[{"filename":"/home/airflow/.local/lib/python3.12/site-packages/airflow/sdk/execution_time/task_runner.py","lineno":934,"name":"run"},{"filename":"/home/airflow/.local/lib/python3.12/site-packages/airflow/sdk/execution_time/task_runner.py","lineno":1325,"name":"_execute_task"},{"filename":"/home/airflow/.local/lib/python3.12/site-packages/airflow/sdk/bases/operator.py","lineno":417,"name":"wrapper"},{"filename":"/home/airflow/.local/lib/python3.12/site-packages/airflow/providers/standard/operators/bash.py","lineno":224,"name":"execute"}],"is_group":false,"exceptions":[]}]}
{"timestamp":"2025-12-10T20:50:19.410157Z","level":"info","event":"Task instance in failure state","logger":"task.stdout"}
{"timestamp":"2025-12-10T20:50:19.410772Z","level":"info","event":"Task start","logger":"task.stdout"}
{"timestamp":"2025-12-10T20:50:19.411022Z","level":"info","event":"Task:<Task(BashOperator): unzip_data>","logger":"task.stdout"}
{"timestamp":"2025-12-10T20:50:19.411280Z","level":"info","event":"Failure caused by Bash command failed. The command returned a non-zero exit code 2.","logger":"task.stdout"}
