{"timestamp":"2025-12-10T21:32:04.697947Z","level":"info","event":"DAG bundles loaded: dags-folder, example_dags","logger":"airflow.dag_processing.bundles.manager.DagBundlesManager","filename":"manager.py","lineno":179}
{"timestamp":"2025-12-10T21:32:04.699116Z","level":"info","event":"Filling up the DagBag from /opt/airflow/dags/etl_toll_data.py","logger":"airflow.models.dagbag.DagBag","filename":"dagbag.py","lineno":593}
{"timestamp":"2025-12-10T21:32:04.730472Z","level":"info","event":"Task instance is in running state","logger":"task.stdout"}
{"timestamp":"2025-12-10T21:32:04.731099Z","level":"info","event":" Previous state of the Task instance: TaskInstanceState.QUEUED","logger":"task.stdout"}
{"timestamp":"2025-12-10T21:32:04.731514Z","level":"info","event":"Current task name:unzip_data","logger":"task.stdout"}
{"timestamp":"2025-12-10T21:32:04.731880Z","level":"info","event":"Dag name:ETL_toll_data","logger":"task.stdout"}
{"timestamp":"2025-12-10T21:32:04.731101Z","level":"info","event":"Tmp dir root location: /tmp","logger":"airflow.task.hooks.airflow.providers.standard.hooks.subprocess.SubprocessHook","filename":"subprocess.py","lineno":78}
{"timestamp":"2025-12-10T21:32:04.731883Z","level":"info","event":"Running command: ['/usr/bin/bash', '-c', 'tar -xzvf /opt/airflow/dags/dataset/tolldata.tgz -C /opt/airflow/dags/dataset']","logger":"airflow.task.hooks.airflow.providers.standard.hooks.subprocess.SubprocessHook","filename":"subprocess.py","lineno":80}
{"timestamp":"2025-12-10T21:32:04.732465Z","level":"info","event":"Output:","logger":"airflow.task.hooks.airflow.providers.standard.hooks.subprocess.SubprocessHook","filename":"subprocess.py","lineno":92}
{"timestamp":"2025-12-10T21:32:04.743848Z","level":"info","event":"fileformats.txt","logger":"airflow.task.hooks.airflow.providers.standard.hooks.subprocess.SubprocessHook","filename":"subprocess.py","lineno":99}
{"timestamp":"2025-12-10T21:32:04.748490Z","level":"info","event":"payment-data.txt","logger":"airflow.task.hooks.airflow.providers.standard.hooks.subprocess.SubprocessHook","filename":"subprocess.py","lineno":99}
{"timestamp":"2025-12-10T21:32:04.771175Z","level":"info","event":"._tollplaza-data.tsv","logger":"airflow.task.hooks.airflow.providers.standard.hooks.subprocess.SubprocessHook","filename":"subprocess.py","lineno":99}
{"timestamp":"2025-12-10T21:32:04.774452Z","level":"info","event":"tollplaza-data.tsv","logger":"airflow.task.hooks.airflow.providers.standard.hooks.subprocess.SubprocessHook","filename":"subprocess.py","lineno":99}
{"timestamp":"2025-12-10T21:32:04.794219Z","level":"info","event":"._vehicle-data.csv","logger":"airflow.task.hooks.airflow.providers.standard.hooks.subprocess.SubprocessHook","filename":"subprocess.py","lineno":99}
{"timestamp":"2025-12-10T21:32:04.797502Z","level":"info","event":"vehicle-data.csv","logger":"airflow.task.hooks.airflow.providers.standard.hooks.subprocess.SubprocessHook","filename":"subprocess.py","lineno":99}
{"timestamp":"2025-12-10T21:32:04.815532Z","level":"info","event":"Command exited with return code 0","logger":"airflow.task.hooks.airflow.providers.standard.hooks.subprocess.SubprocessHook","filename":"subprocess.py","lineno":103}
{"timestamp":"2025-12-10T21:32:04.816450Z","level":"info","event":"Pushing xcom","ti":"RuntimeTaskInstance(id=UUID('019b0a2d-ad6e-737c-a5d1-dce5be852cd0'), task_id='unzip_data', dag_id='ETL_toll_data', run_id='scheduled__2025-12-10T21:31:35.317982+00:00', try_number=1, dag_version_id=UUID('019b0a2d-3c36-72b9-85d5-6c66b2b44771'), map_index=-1, hostname='23224bdb6dd4', context_carrier={}, task=<Task(BashOperator): unzip_data>, bundle_instance=LocalDagBundle(name=dags-folder), max_tries=1, start_date=datetime.datetime(2025, 12, 10, 21, 32, 4, 417258, tzinfo=datetime.timezone.utc), end_date=None, state=<TaskInstanceState.RUNNING: 'running'>, is_mapped=False, rendered_map_index=None)","logger":"task","filename":"task_runner.py","lineno":1370}
{"timestamp":"2025-12-10T21:32:04.850662Z","level":"info","event":"Task instance in success state","logger":"task.stdout"}
{"timestamp":"2025-12-10T21:32:04.851123Z","level":"info","event":" Previous state of the Task instance: TaskInstanceState.RUNNING","logger":"task.stdout"}
{"timestamp":"2025-12-10T21:32:04.851681Z","level":"info","event":"Task operator:<Task(BashOperator): unzip_data>","logger":"task.stdout"}
